<?xml version="1.0" encoding="UTF-8"?>
<!-- Generated by org.testng.reporters.JUnitReportReporter -->
<testsuite hostname="Manojs-Air" failures="0" tests="3" name="TestRunner.TestRunner1" time="56.558" errors="0" timestamp="2023-03-10T12:17:46 GMT" skipped="0">
  <testcase classname="TestRunner.TestRunner1" name="runScenario" time="12.822"/>
  <system-out>
    <![CDATA[Pass]]>
  </system-out>
  <testcase classname="TestRunner.TestRunner1" name="runScenario" time="22.418"/>
  <system-out/>
  <testcase classname="TestRunner.TestRunner1" name="runScenario" time="21.318"/>
  <system-out/>
</testsuite> <!-- TestRunner.TestRunner1 -->
