<?xml version="1.0" encoding="UTF-8"?>
<!-- Generated by org.testng.reporters.JUnitReportReporter -->
<testsuite hostname="Manojs-Air" failures="0" tests="3" name="TestRunner.TestRunner1" time="41.862" errors="0" timestamp="2023-03-09T18:13:17 GMT" skipped="0">
  <testcase classname="TestRunner.TestRunner1" name="runScenario" time="7.619"/>
  <system-out>
    <![CDATA[Pass]]>
  </system-out>
  <testcase classname="TestRunner.TestRunner1" name="runScenario" time="16.549"/>
  <system-out/>
  <testcase classname="TestRunner.TestRunner1" name="runScenario" time="17.694"/>
  <system-out/>
</testsuite> <!-- TestRunner.TestRunner1 -->
